<?xml version="1.0" encoding="UTF-8"?>
<testsuite xmlns:xsi="http://www.w3.org/2001/XMLSchema-instance" xsi:noNamespaceSchemaLocation="https://maven.apache.org/surefire/maven-surefire-plugin/xsd/surefire-test-report.xsd" name="ut.com.mycompany.bitbucket.plugin.profile.MyComponentUnitTest" time="0.044" tests="1" errors="0" skipped="0" failures="0">
  <properties>
    <property name="sun.desktop" value="windows"/>
    <property name="awt.toolkit" value="sun.awt.windows.WToolkit"/>
    <property name="file.encoding.pkg" value="sun.io"/>
    <property name="java.specification.version" value="1.8"/>
    <property name="sun.cpu.isalist" value="amd64"/>
    <property name="sun.jnu.encoding" value="Cp1251"/>
    <property name="java.class.path" value="D:\TestTask\bitbucket-profile-plugin\target\test-classes;D:\TestTask\bitbucket-profile-plugin\target\classes;C:\Users\lexap\.m2\repository\com\atlassian\plugin\atlassian-spring-scanner-annotation\2.2.0\atlassian-spring-scanner-annotation-2.2.0.jar;C:\Users\lexap\.m2\repository\com\atlassian\soy\soy-template-renderer-api\4.5.0\soy-template-renderer-api-4.5.0.jar;C:\Users\lexap\.m2\repository\com\atlassian\bitbucket\server\bitbucket-api\5.16.0\bitbucket-api-5.16.0.jar;C:\Users\lexap\.m2\repository\com\atlassian\analytics\analytics-api\5.4.7\analytics-api-5.4.7.jar;C:\Users\lexap\.m2\repository\com\atlassian\annotations\atlassian-annotations\2.1.0\atlassian-annotations-2.1.0.jar;C:\Users\lexap\.m2\repository\com\atlassian\crowd\embedded-crowd-api\2.12.1\embedded-crowd-api-2.12.1.jar;C:\Users\lexap\.m2\repository\com\atlassian\event\atlassian-event\3.1.5\atlassian-event-3.1.5.jar;C:\Users\lexap\.m2\repository\com\atlassian\extras\atlassian-extras-api\3.3.0\atlassian-extras-api-3.3.0.jar;C:\Users\lexap\.m2\repository\com\atlassian\utils\atlassian-processutils\1.8.1\atlassian-processutils-1.8.1.jar;C:\Users\lexap\.m2\repository\org\jvnet\winp\winp\1.25\winp-1.25.jar;C:\Users\lexap\.m2\repository\com\google\code\findbugs\jsr305\3.0.0\jsr305-3.0.0.jar;C:\Users\lexap\.m2\repository\com\google\guava\guava\18.0\guava-18.0.jar;C:\Users\lexap\.m2\repository\org\hibernate\hibernate-validator\5.4.1.Final\hibernate-validator-5.4.1.Final.jar;C:\Users\lexap\.m2\repository\javax\validation\validation-api\1.1.0.Final\validation-api-1.1.0.Final.jar;C:\Users\lexap\.m2\repository\org\jboss\logging\jboss-logging\3.3.1.Final\jboss-logging-3.3.1.Final.jar;C:\Users\lexap\.m2\repository\com\fasterxml\classmate\1.3.1\classmate-1.3.1.jar;C:\Users\lexap\.m2\repository\com\atlassian\bitbucket\server\bitbucket-spi\5.16.0\bitbucket-spi-5.16.0.jar;C:\Users\lexap\.m2\repository\com\atlassian\plugins\atlassian-plugins-core\4.5.0\atlassian-plugins-core-4.5.0.jar;C:\Users\lexap\.m2\repository\com\atlassian\plugins\atlassian-plugins-api\4.5.0\atlassian-plugins-api-4.5.0.jar;C:\Users\lexap\.m2\repository\com\atlassian\util\concurrent\atlassian-util-concurrent\3.0.0\atlassian-util-concurrent-3.0.0.jar;C:\Users\lexap\.m2\repository\commons-lang\commons-lang\2.6\commons-lang-2.6.jar;C:\Users\lexap\.m2\repository\commons-collections\commons-collections\3.2.2\commons-collections-3.2.2.jar;C:\Users\lexap\.m2\repository\dom4j\dom4j\1.6.1\dom4j-1.6.1.jar;C:\Users\lexap\.m2\repository\com\atlassian\fugue\fugue\2.6.1\fugue-2.6.1.jar;C:\Users\lexap\.m2\repository\com\atlassian\profiling\atlassian-profiling\2.0\atlassian-profiling-2.0.jar;C:\Users\lexap\.m2\repository\com\atlassian\plugins\atlassian-plugins-osgi-javaconfig\0.2.0\atlassian-plugins-osgi-javaconfig-0.2.0.jar;C:\Users\lexap\.m2\repository\org\apache\felix\org.apache.felix.framework\4.0.0\org.apache.felix.framework-4.0.0.jar;C:\Users\lexap\.m2\repository\org\springframework\spring-beans\4.2.5.RELEASE\spring-beans-4.2.5.RELEASE.jar;C:\Users\lexap\.m2\repository\org\springframework\spring-core\4.3.20.RELEASE\spring-core-4.3.20.RELEASE.jar;C:\Users\lexap\.m2\repository\org\springframework\spring-context\4.2.5.RELEASE\spring-context-4.2.5.RELEASE.jar;C:\Users\lexap\.m2\repository\org\springframework\spring-aop\4.3.20.RELEASE\spring-aop-4.3.20.RELEASE.jar;C:\Users\lexap\.m2\repository\org\springframework\spring-expression\4.3.20.RELEASE\spring-expression-4.3.20.RELEASE.jar;C:\Users\lexap\.m2\repository\com\atlassian\sal\sal-api\3.2.0-abbce37\sal-api-3.2.0-abbce37.jar;C:\Users\lexap\.m2\repository\com\google\code\gson\gson\2.8.9\gson-2.8.9.jar;C:\Users\lexap\.m2\repository\javax\servlet\javax.servlet-api\4.0.1\javax.servlet-api-4.0.1.jar;C:\Users\lexap\.m2\repository\javax\ws\rs\jsr311-api\1.1.1\jsr311-api-1.1.1.jar;C:\Users\lexap\.m2\repository\org\apache\commons\commons-lang3\3.12.0\commons-lang3-3.12.0.jar;C:\Users\lexap\.m2\repository\com\atlassian\plugins\atlassian-plugins-osgi-testrunner\2.0.2\atlassian-plugins-osgi-testrunner-2.0.2.jar;C:\Users\lexap\.m2\repository\org\apache\wink\wink-client\1.1.3-incubating\wink-client-1.1.3-incubating.jar;C:\Users\lexap\.m2\repository\org\apache\wink\wink-common\1.1.3-incubating\wink-common-1.1.3-incubating.jar;C:\Users\lexap\.m2\repository\org\apache\geronimo\specs\geronimo-annotation_1.1_spec\1.0\geronimo-annotation_1.1_spec-1.0.jar;C:\Users\lexap\.m2\repository\javax\xml\bind\jaxb-api\2.2\jaxb-api-2.2.jar;C:\Users\lexap\.m2\repository\javax\xml\stream\stax-api\1.0-2\stax-api-1.0-2.jar;C:\Users\lexap\.m2\repository\com\sun\xml\bind\jaxb-impl\2.2.11\jaxb-impl-2.2.11.jar;C:\Users\lexap\.m2\repository\javax\activation\activation\1.1.1\activation-1.1.1.jar;C:\Users\lexap\.m2\repository\commons-io\commons-io\2.5\commons-io-2.5.jar;C:\Users\lexap\.m2\repository\com\atlassian\upm\upm-api\2.15\upm-api-2.15.jar;C:\Users\lexap\.m2\repository\junit\junit\4.13.2\junit-4.13.2.jar;C:\Users\lexap\.m2\repository\org\hamcrest\hamcrest-core\1.3\hamcrest-core-1.3.jar;C:\Users\lexap\.m2\repository\org\slf4j\slf4j-api\1.6.6\slf4j-api-1.6.6.jar;C:\Users\lexap\.m2\repository\org\mockito\mockito-all\1.8.5\mockito-all-1.8.5.jar;C:\Users\lexap\.m2\repository\javax\servlet\servlet-api\2.4\servlet-api-2.4.jar;C:\Users\lexap\.m2\repository\org\apache\httpcomponents\httpclient\4.1.1\httpclient-4.1.1.jar;C:\Users\lexap\.m2\repository\org\apache\httpcomponents\httpcore\4.4.9\httpcore-4.4.9.jar;C:\Users\lexap\.m2\repository\commons-codec\commons-codec\1.10\commons-codec-1.10.jar;"/>
    <property name="java.vm.vendor" value="Oracle Corporation"/>
    <property name="sun.arch.data.model" value="64"/>
    <property name="user.variant" value=""/>
    <property name="java.vendor.url" value="http://java.oracle.com/"/>
    <property name="user.timezone" value="Asia/Dhaka"/>
    <property name="java.vm.specification.version" value="1.8"/>
    <property name="os.name" value="Windows 10"/>
    <property name="user.country" value="RU"/>
    <property name="sun.java.launcher" value="SUN_STANDARD"/>
    <property name="sun.boot.library.path" value="C:\Program Files\Java\jdk1.8.0_271\jre\bin"/>
    <property name="sun.java.command" value="C:\Users\lexap\AppData\Local\Temp\surefire1918721332128273067\surefirebooter4210877738437542829.jar C:\Users\lexap\AppData\Local\Temp\surefire1918721332128273067 2022-01-31T07-21-54_823-jvmRun1 surefire6844283652310359491tmp surefire_05881728395130930117tmp"/>
    <property name="surefire.test.class.path" value="D:\TestTask\bitbucket-profile-plugin\target\test-classes;D:\TestTask\bitbucket-profile-plugin\target\classes;C:\Users\lexap\.m2\repository\com\atlassian\plugin\atlassian-spring-scanner-annotation\2.2.0\atlassian-spring-scanner-annotation-2.2.0.jar;C:\Users\lexap\.m2\repository\com\atlassian\soy\soy-template-renderer-api\4.5.0\soy-template-renderer-api-4.5.0.jar;C:\Users\lexap\.m2\repository\com\atlassian\bitbucket\server\bitbucket-api\5.16.0\bitbucket-api-5.16.0.jar;C:\Users\lexap\.m2\repository\com\atlassian\analytics\analytics-api\5.4.7\analytics-api-5.4.7.jar;C:\Users\lexap\.m2\repository\com\atlassian\annotations\atlassian-annotations\2.1.0\atlassian-annotations-2.1.0.jar;C:\Users\lexap\.m2\repository\com\atlassian\crowd\embedded-crowd-api\2.12.1\embedded-crowd-api-2.12.1.jar;C:\Users\lexap\.m2\repository\com\atlassian\event\atlassian-event\3.1.5\atlassian-event-3.1.5.jar;C:\Users\lexap\.m2\repository\com\atlassian\extras\atlassian-extras-api\3.3.0\atlassian-extras-api-3.3.0.jar;C:\Users\lexap\.m2\repository\com\atlassian\utils\atlassian-processutils\1.8.1\atlassian-processutils-1.8.1.jar;C:\Users\lexap\.m2\repository\org\jvnet\winp\winp\1.25\winp-1.25.jar;C:\Users\lexap\.m2\repository\com\google\code\findbugs\jsr305\3.0.0\jsr305-3.0.0.jar;C:\Users\lexap\.m2\repository\com\google\guava\guava\18.0\guava-18.0.jar;C:\Users\lexap\.m2\repository\org\hibernate\hibernate-validator\5.4.1.Final\hibernate-validator-5.4.1.Final.jar;C:\Users\lexap\.m2\repository\javax\validation\validation-api\1.1.0.Final\validation-api-1.1.0.Final.jar;C:\Users\lexap\.m2\repository\org\jboss\logging\jboss-logging\3.3.1.Final\jboss-logging-3.3.1.Final.jar;C:\Users\lexap\.m2\repository\com\fasterxml\classmate\1.3.1\classmate-1.3.1.jar;C:\Users\lexap\.m2\repository\com\atlassian\bitbucket\server\bitbucket-spi\5.16.0\bitbucket-spi-5.16.0.jar;C:\Users\lexap\.m2\repository\com\atlassian\plugins\atlassian-plugins-core\4.5.0\atlassian-plugins-core-4.5.0.jar;C:\Users\lexap\.m2\repository\com\atlassian\plugins\atlassian-plugins-api\4.5.0\atlassian-plugins-api-4.5.0.jar;C:\Users\lexap\.m2\repository\com\atlassian\util\concurrent\atlassian-util-concurrent\3.0.0\atlassian-util-concurrent-3.0.0.jar;C:\Users\lexap\.m2\repository\commons-lang\commons-lang\2.6\commons-lang-2.6.jar;C:\Users\lexap\.m2\repository\commons-collections\commons-collections\3.2.2\commons-collections-3.2.2.jar;C:\Users\lexap\.m2\repository\dom4j\dom4j\1.6.1\dom4j-1.6.1.jar;C:\Users\lexap\.m2\repository\com\atlassian\fugue\fugue\2.6.1\fugue-2.6.1.jar;C:\Users\lexap\.m2\repository\com\atlassian\profiling\atlassian-profiling\2.0\atlassian-profiling-2.0.jar;C:\Users\lexap\.m2\repository\com\atlassian\plugins\atlassian-plugins-osgi-javaconfig\0.2.0\atlassian-plugins-osgi-javaconfig-0.2.0.jar;C:\Users\lexap\.m2\repository\org\apache\felix\org.apache.felix.framework\4.0.0\org.apache.felix.framework-4.0.0.jar;C:\Users\lexap\.m2\repository\org\springframework\spring-beans\4.2.5.RELEASE\spring-beans-4.2.5.RELEASE.jar;C:\Users\lexap\.m2\repository\org\springframework\spring-core\4.3.20.RELEASE\spring-core-4.3.20.RELEASE.jar;C:\Users\lexap\.m2\repository\org\springframework\spring-context\4.2.5.RELEASE\spring-context-4.2.5.RELEASE.jar;C:\Users\lexap\.m2\repository\org\springframework\spring-aop\4.3.20.RELEASE\spring-aop-4.3.20.RELEASE.jar;C:\Users\lexap\.m2\repository\org\springframework\spring-expression\4.3.20.RELEASE\spring-expression-4.3.20.RELEASE.jar;C:\Users\lexap\.m2\repository\com\atlassian\sal\sal-api\3.2.0-abbce37\sal-api-3.2.0-abbce37.jar;C:\Users\lexap\.m2\repository\com\google\code\gson\gson\2.8.9\gson-2.8.9.jar;C:\Users\lexap\.m2\repository\javax\servlet\javax.servlet-api\4.0.1\javax.servlet-api-4.0.1.jar;C:\Users\lexap\.m2\repository\javax\ws\rs\jsr311-api\1.1.1\jsr311-api-1.1.1.jar;C:\Users\lexap\.m2\repository\org\apache\commons\commons-lang3\3.12.0\commons-lang3-3.12.0.jar;C:\Users\lexap\.m2\repository\com\atlassian\plugins\atlassian-plugins-osgi-testrunner\2.0.2\atlassian-plugins-osgi-testrunner-2.0.2.jar;C:\Users\lexap\.m2\repository\org\apache\wink\wink-client\1.1.3-incubating\wink-client-1.1.3-incubating.jar;C:\Users\lexap\.m2\repository\org\apache\wink\wink-common\1.1.3-incubating\wink-common-1.1.3-incubating.jar;C:\Users\lexap\.m2\repository\org\apache\geronimo\specs\geronimo-annotation_1.1_spec\1.0\geronimo-annotation_1.1_spec-1.0.jar;C:\Users\lexap\.m2\repository\javax\xml\bind\jaxb-api\2.2\jaxb-api-2.2.jar;C:\Users\lexap\.m2\repository\javax\xml\stream\stax-api\1.0-2\stax-api-1.0-2.jar;C:\Users\lexap\.m2\repository\com\sun\xml\bind\jaxb-impl\2.2.11\jaxb-impl-2.2.11.jar;C:\Users\lexap\.m2\repository\javax\activation\activation\1.1.1\activation-1.1.1.jar;C:\Users\lexap\.m2\repository\commons-io\commons-io\2.5\commons-io-2.5.jar;C:\Users\lexap\.m2\repository\com\atlassian\upm\upm-api\2.15\upm-api-2.15.jar;C:\Users\lexap\.m2\repository\junit\junit\4.13.2\junit-4.13.2.jar;C:\Users\lexap\.m2\repository\org\hamcrest\hamcrest-core\1.3\hamcrest-core-1.3.jar;C:\Users\lexap\.m2\repository\org\slf4j\slf4j-api\1.6.6\slf4j-api-1.6.6.jar;C:\Users\lexap\.m2\repository\org\mockito\mockito-all\1.8.5\mockito-all-1.8.5.jar;C:\Users\lexap\.m2\repository\javax\servlet\servlet-api\2.4\servlet-api-2.4.jar;C:\Users\lexap\.m2\repository\org\apache\httpcomponents\httpclient\4.1.1\httpclient-4.1.1.jar;C:\Users\lexap\.m2\repository\org\apache\httpcomponents\httpcore\4.4.9\httpcore-4.4.9.jar;C:\Users\lexap\.m2\repository\commons-codec\commons-codec\1.10\commons-codec-1.10.jar;"/>
    <property name="sun.cpu.endian" value="little"/>
    <property name="user.home" value="C:\Users\lexap"/>
    <property name="user.language" value="ru"/>
    <property name="java.specification.vendor" value="Oracle Corporation"/>
    <property name="java.home" value="C:\Program Files\Java\jdk1.8.0_271\jre"/>
    <property name="basedir" value="D:\TestTask\bitbucket-profile-plugin"/>
    <property name="file.separator" value="\"/>
    <property name="line.separator" value="&#10;"/>
    <property name="java.vm.specification.vendor" value="Oracle Corporation"/>
    <property name="java.specification.name" value="Java Platform API Specification"/>
    <property name="java.awt.graphicsenv" value="sun.awt.Win32GraphicsEnvironment"/>
    <property name="surefire.real.class.path" value="C:\Users\lexap\AppData\Local\Temp\surefire1918721332128273067\surefirebooter4210877738437542829.jar"/>
    <property name="sun.boot.class.path" value="C:\Program Files\Java\jdk1.8.0_271\jre\lib\resources.jar;C:\Program Files\Java\jdk1.8.0_271\jre\lib\rt.jar;C:\Program Files\Java\jdk1.8.0_271\jre\lib\sunrsasign.jar;C:\Program Files\Java\jdk1.8.0_271\jre\lib\jsse.jar;C:\Program Files\Java\jdk1.8.0_271\jre\lib\jce.jar;C:\Program Files\Java\jdk1.8.0_271\jre\lib\charsets.jar;C:\Program Files\Java\jdk1.8.0_271\jre\lib\jfr.jar;C:\Program Files\Java\jdk1.8.0_271\jre\classes"/>
    <property name="user.script" value=""/>
    <property name="sun.management.compiler" value="HotSpot 64-Bit Tiered Compilers"/>
    <property name="java.runtime.version" value="1.8.0_271-b09"/>
    <property name="user.name" value="lexap"/>
    <property name="path.separator" value=";"/>
    <property name="os.version" value="10.0"/>
    <property name="java.endorsed.dirs" value="C:\Program Files\Java\jdk1.8.0_271\jre\lib\endorsed"/>
    <property name="java.runtime.name" value="Java(TM) SE Runtime Environment"/>
    <property name="file.encoding" value="Cp1251"/>
    <property name="java.vm.name" value="Java HotSpot(TM) 64-Bit Server VM"/>
    <property name="localRepository" value="C:\Users\lexap\.m2\repository"/>
    <property name="java.vendor.url.bug" value="http://bugreport.sun.com/bugreport/"/>
    <property name="java.io.tmpdir" value="C:\Users\lexap\AppData\Local\Temp\"/>
    <property name="java.version" value="1.8.0_271"/>
    <property name="user.dir" value="D:\TestTask\bitbucket-profile-plugin"/>
    <property name="os.arch" value="amd64"/>
    <property name="java.vm.specification.name" value="Java Virtual Machine Specification"/>
    <property name="java.awt.printerjob" value="sun.awt.windows.WPrinterJob"/>
    <property name="sun.os.patch.level" value=""/>
    <property name="java.library.path" value="C:\Program Files\Java\jdk1.8.0_271\jre\bin;C:\Windows\Sun\Java\bin;C:\Windows\system32;C:\Windows;C:\Program Files (x86)\Common Files\Oracle\Java\javapath;C:\Windows\system32;C:\Windows;C:\Windows\System32\Wbem;C:\Windows\System32\WindowsPowerShell\v1.0\;C:\Windows\System32\OpenSSH\;C:\Program Files\Git\cmd;C:\Program Files\Java\jdk1.8.0_271\bin;C:\Program Files\apache-maven-3.6.3\bin;;C:\Program Files (x86)\NVIDIA Corporation\PhysX\Common;C:\Program Files\NVIDIA Corporation\NVIDIA NvDLISR;C:\Program Files\dotnet\;C:\Users\lexap\AppData\Local\Microsoft\WindowsApps;C:\Program Files\apache-maven-3.6.3;;C:\Applications\Atlassian\atlassian-plugin-sdk-8.2.7\bin;."/>
    <property name="java.vm.info" value="mixed mode"/>
    <property name="java.vendor" value="Oracle Corporation"/>
    <property name="java.vm.version" value="25.271-b09"/>
    <property name="java.ext.dirs" value="C:\Program Files\Java\jdk1.8.0_271\jre\lib\ext;C:\Windows\Sun\Java\lib\ext"/>
    <property name="sun.io.unicode.encoding" value="UnicodeLittle"/>
    <property name="java.class.version" value="52.0"/>
  </properties>
  <testcase name="testMyName" classname="ut.com.mycompany.bitbucket.plugin.profile.MyComponentUnitTest" time="0.003"/>
</testsuite>